TN:
SF:C:\Users\Cavdy\Desktop\food-hub\api/app.js
FN:20,(anonymous_1)
FNF:1
FNH:1
FNDA:1,(anonymous_1)
DA:1,1
DA:3,1
DA:4,1
DA:5,1
DA:6,1
DA:9,1
DA:10,1
DA:12,1
DA:15,1
DA:16,1
DA:17,1
DA:20,1
DA:21,1
DA:24,1
LF:14
LH:14
BRDA:10,0,0,1
BRDA:10,0,1,1
BRF:2
BRH:2
end_of_record
TN:
SF:C:\Users\Cavdy\Desktop\food-hub\api\controllers/meal.controller.js
FN:4,fetchAllMeals
FNF:1
FNH:1
FNDA:5,fetchAllMeals
DA:1,1
DA:4,1
DA:7,1
DA:8,1
DA:16,1
DA:17,1
DA:18,1
DA:25,1
DA:26,1
DA:27,1
DA:28,1
DA:35,1
DA:36,1
DA:37,1
DA:38,1
DA:39,1
DA:46,1
DA:47,1
DA:48,1
DA:49,1
DA:56,1
LF:21
LH:21
BRF:0
BRH:0
end_of_record
TN:
SF:C:\Users\Cavdy\Desktop\food-hub\api\controllers/menu.controller.js
FN:4,getMenuOfDay
FNF:1
FNH:1
FNDA:2,getMenuOfDay
DA:1,1
DA:4,1
DA:7,1
DA:8,1
DA:16,1
DA:17,1
DA:18,1
DA:26,1
LF:8
LH:8
BRF:0
BRH:0
end_of_record
TN:
SF:C:\Users\Cavdy\Desktop\food-hub\api\controllers/orders.controller.js
FN:4,getAllOrders
FNF:1
FNH:1
FNDA:5,getAllOrders
DA:1,1
DA:4,1
DA:7,1
DA:8,1
DA:15,1
DA:16,1
DA:17,1
DA:18,1
DA:26,1
DA:27,1
DA:28,1
DA:35,1
DA:36,1
DA:37,1
DA:38,1
DA:39,1
DA:46,1
DA:47,1
DA:48,1
DA:49,1
DA:56,1
LF:21
LH:21
BRF:0
BRH:0
end_of_record
TN:
SF:C:\Users\Cavdy\Desktop\food-hub\api\models/Meal.model.js
FN:3,Meal
FNF:1
FNH:1
FNDA:9,Meal
DA:3,9
DA:4,9
DA:5,9
DA:6,9
DA:7,9
DA:10,1
LF:6
LH:6
BRF:0
BRH:0
end_of_record
TN:
SF:C:\Users\Cavdy\Desktop\food-hub\api\routes/meals.route.js
FNF:0
FNH:0
DA:1,1
DA:2,1
DA:4,1
DA:7,1
DA:8,1
DA:9,1
DA:10,1
DA:11,1
DA:13,1
LF:9
LH:9
BRF:0
BRH:0
end_of_record
TN:
SF:C:\Users\Cavdy\Desktop\food-hub\api\routes/menu.routes.js
FNF:0
FNH:0
DA:1,1
DA:2,1
DA:4,1
DA:7,1
DA:8,1
DA:10,1
LF:6
LH:6
BRF:0
BRH:0
end_of_record
TN:
SF:C:\Users\Cavdy\Desktop\food-hub\api\routes/orders.route.js
FNF:0
FNH:0
DA:1,1
DA:2,1
DA:4,1
DA:7,1
DA:8,1
DA:9,1
DA:10,1
DA:11,1
DA:13,1
LF:9
LH:9
BRF:0
BRH:0
end_of_record
TN:
SF:C:\Users\Cavdy\Desktop\food-hub\api\services/meal.service.js
FN:5,fetchAllMeals
FN:8,(anonymous_2)
FN:37,(anonymous_5)
FN:44,(anonymous_7)
FN:53,(anonymous_9)
FNF:5
FNH:5
FNDA:5,fetchAllMeals
FNDA:3,(anonymous_2)
FNDA:2,(anonymous_5)
FNDA:2,(anonymous_7)
FNDA:2,(anonymous_9)
DA:1,1
DA:2,1
DA:5,1
DA:8,1
DA:9,3
DA:10,3
DA:11,3
DA:12,3
DA:13,3
DA:14,3
DA:20,1
DA:23,1
DA:24,0
DA:25,0
DA:27,1
DA:28,1
DA:29,1
DA:30,1
DA:32,1
DA:37,2
DA:38,1
DA:44,2
DA:45,1
DA:46,1
DA:47,1
DA:53,2
DA:54,1
DA:55,1
DA:59,1
LF:29
LH:27
BRDA:23,0,0,0
BRDA:23,0,1,1
BRDA:23,1,0,1
BRDA:23,1,1,1
BRDA:38,2,0,1
BRDA:38,2,1,0
BRF:6
BRH:4
end_of_record
TN:
SF:C:\Users\Cavdy\Desktop\food-hub\api\services/menu.service.js
FN:5,getMenuOfDay
FN:9,(anonymous_2)
FNF:2
FNH:2
FNDA:2,getMenuOfDay
FNDA:3,(anonymous_2)
DA:1,1
DA:2,1
DA:5,1
DA:9,1
DA:10,3
DA:11,3
DA:12,3
DA:13,3
DA:14,3
DA:15,3
DA:21,1
DA:22,1
DA:23,1
DA:28,1
LF:14
LH:14
BRF:0
BRH:0
end_of_record
TN:
SF:C:\Users\Cavdy\Desktop\food-hub\api\services/orders.service.js
FN:4,getAllOrders
FN:8,(anonymous_2)
FN:20,(anonymous_4)
FN:44,(anonymous_7)
FN:53,(anonymous_9)
FNF:5
FNH:5
FNDA:5,getAllOrders
FNDA:3,(anonymous_2)
FNDA:2,(anonymous_4)
FNDA:2,(anonymous_7)
FNDA:2,(anonymous_9)
DA:1,1
DA:2,1
DA:4,1
DA:8,1
DA:9,3
DA:10,3
DA:11,3
DA:12,3
DA:13,3
DA:14,3
DA:20,2
DA:21,1
DA:26,1
DA:29,1
DA:30,0
DA:31,0
DA:33,1
DA:34,1
DA:35,1
DA:36,1
DA:38,1
DA:44,2
DA:45,1
DA:46,1
DA:47,1
DA:53,2
DA:54,1
DA:55,1
DA:60,1
LF:29
LH:27
BRDA:21,0,0,1
BRDA:21,0,1,0
BRDA:29,1,0,0
BRDA:29,1,1,1
BRDA:29,2,0,1
BRDA:29,2,1,1
BRF:6
BRH:4
end_of_record
TN:
SF:C:\Users\Cavdy\Desktop\food-hub\api\utils/dummyData.js
FNF:0
FNH:0
DA:2,1
LF:1
LH:1
BRF:0
BRH:0
end_of_record
